生成启动时间为 2018/9/21 14:57:26。
     1>项目“F:\vs_prj\disk_wr\disk_wr\disk_wr.vcxproj”在节点 2 上(build 个目标)。
     1>InitializeBuildStatus:
         正在创建“Debug\disk_wr.unsuccessfulbuild”，因为已指定“AlwaysCreate”。
       ClCompile:
         所有输出均为最新。
         C:\Program Files (x86)\Microsoft Visual Studio 10.0\VC\bin\CL.exe /c /ZI /nologo /W3 /WX- /Od /Oy- /D WIN32 /D _DEBUG /D _CONSOLE /D _MBCS /Gm /EHsc /RTC1 /MDd /GS /fp:precise /Zc:wchar_t /Zc:forScope /Yu"StdAfx.h" /Fp"Debug\disk_wr.pch" /Fo"Debug\\" /Fd"Debug\vc100.pdb" /Gd /TP /analyze- /errorReport:prompt disk_wr.cpp
         disk_wr.cpp
     1>f:\vs_prj\disk_wr\disk_wr\disk_wr.cpp(37): warning C4996: 'scanf': This function or variable may be unsafe. Consider using scanf_s instead. To disable deprecation, use _CRT_SECURE_NO_WARNINGS. See online help for details.
                 c:\program files (x86)\microsoft visual studio 10.0\vc\include\stdio.h(304) : 参见“scanf”的声明
       ManifestResourceCompile:
         所有输出均为最新。
       Link:
         C:\Program Files (x86)\Microsoft Visual Studio 10.0\VC\bin\link.exe /ERRORREPORT:PROMPT /OUT:"F:\vs_prj\disk_wr\Debug\disk_wr.exe" /INCREMENTAL /NOLOGO kernel32.lib user32.lib gdi32.lib winspool.lib comdlg32.lib advapi32.lib shell32.lib ole32.lib oleaut32.lib uuid.lib odbc32.lib odbccp32.lib /MANIFEST /ManifestFile:"Debug\disk_wr.exe.intermediate.manifest" /MANIFESTUAC:"level='asInvoker' uiAccess='false'" /DEBUG /PDB:"F:\vs_prj\disk_wr\Debug\disk_wr.pdb" /SUBSYSTEM:CONSOLE /TLBID:1 /DYNAMICBASE /NXCOMPAT /IMPLIB:"F:\vs_prj\disk_wr\Debug\disk_wr.lib" /MACHINE:X86 Debug\disk_wr.exe.embed.manifest.res
         Debug\disk_wr.obj
         Debug\stdafx.obj
       Manifest:
         C:\Program Files (x86)\Microsoft SDKs\Windows\v7.0A\bin\mt.exe /nologo /verbose /out:"Debug\disk_wr.exe.embed.manifest" /manifest Debug\disk_wr.exe.intermediate.manifest
         所有输出均为最新。
       LinkEmbedManifest:
         所有输出均为最新。
         disk_wr.vcxproj -> F:\vs_prj\disk_wr\Debug\disk_wr.exe
       FinalizeBuildStatus:
         正在删除文件“Debug\disk_wr.unsuccessfulbuild”。
         正在对“Debug\disk_wr.lastbuildstate”执行 Touch 任务。
     1>已完成生成项目“F:\vs_prj\disk_wr\disk_wr\disk_wr.vcxproj”(build 个目标)的操作。

生成成功。

已用时间 00:00:02.16
